[03-Dec-2025 02:43:49 Europe/Berlin] staff-dashboard-handler.php accessed.
[03-Dec-2025 02:43:49 Europe/Berlin] Attempting database connection to baranggay_population_management at localhost
[03-Dec-2025 02:43:49 Europe/Berlin] Database connection successful
[03-Dec-2025 02:43:49 Europe/Berlin] Attempting database connection to baranggay_population_management at localhost
[03-Dec-2025 02:43:49 Europe/Berlin] Database connection successful
[03-Dec-2025 02:43:49 Europe/Berlin] Fetching counts and announcements...
[03-Dec-2025 02:43:49 Europe/Berlin] Fetched pending requests count: 1
[03-Dec-2025 02:43:49 Europe/Berlin] Fetched pending appointments count: 0
[03-Dec-2025 02:43:49 Europe/Berlin] Fetched pending complaints count: 1
[03-Dec-2025 02:43:49 Europe/Berlin] Fetched 0 recent announcements with barangay name.
[03-Dec-2025 02:43:49 Europe/Berlin] Response sent successfully.
[03-Dec-2025 02:43:52 Europe/Berlin] staff-dashboard-handler.php accessed.
[03-Dec-2025 02:43:52 Europe/Berlin] Attempting database connection to baranggay_population_management at localhost
[03-Dec-2025 02:43:52 Europe/Berlin] Database connection successful
[03-Dec-2025 02:43:52 Europe/Berlin] Attempting database connection to baranggay_population_management at localhost
[03-Dec-2025 02:43:52 Europe/Berlin] Database connection successful
[03-Dec-2025 02:43:52 Europe/Berlin] Fetching counts and announcements...
[03-Dec-2025 02:43:52 Europe/Berlin] Fetched pending requests count: 1
[03-Dec-2025 02:43:52 Europe/Berlin] Fetched pending appointments count: 0
[03-Dec-2025 02:43:52 Europe/Berlin] Fetched pending complaints count: 1
[03-Dec-2025 02:43:52 Europe/Berlin] Fetched 0 recent announcements with barangay name.
[03-Dec-2025 02:43:52 Europe/Berlin] Response sent successfully.
[03-Dec-2025 02:43:56 Europe/Berlin] staff-dashboard-handler.php accessed.
[03-Dec-2025 02:43:56 Europe/Berlin] Attempting database connection to baranggay_population_management at localhost
[03-Dec-2025 02:43:56 Europe/Berlin] Database connection successful
[03-Dec-2025 02:43:56 Europe/Berlin] Attempting database connection to baranggay_population_management at localhost
[03-Dec-2025 02:43:56 Europe/Berlin] Database connection successful
[03-Dec-2025 02:43:56 Europe/Berlin] Fetching counts and announcements...
[03-Dec-2025 02:43:56 Europe/Berlin] Fetched pending requests count: 1
[03-Dec-2025 02:43:56 Europe/Berlin] Fetched pending appointments count: 0
[03-Dec-2025 02:43:56 Europe/Berlin] Fetched pending complaints count: 1
[03-Dec-2025 02:43:56 Europe/Berlin] Fetched 0 recent announcements with barangay name.
[03-Dec-2025 02:43:56 Europe/Berlin] Response sent successfully.
[03-Dec-2025 02:43:59 Europe/Berlin] staff-dashboard-handler.php accessed.
[03-Dec-2025 02:43:59 Europe/Berlin] Attempting database connection to baranggay_population_management at localhost
[03-Dec-2025 02:43:59 Europe/Berlin] Database connection successful
[03-Dec-2025 02:43:59 Europe/Berlin] Attempting database connection to baranggay_population_management at localhost
[03-Dec-2025 02:43:59 Europe/Berlin] Database connection successful
[03-Dec-2025 02:43:59 Europe/Berlin] Fetching counts and announcements...
[03-Dec-2025 02:43:59 Europe/Berlin] Fetched pending requests count: 1
[03-Dec-2025 02:43:59 Europe/Berlin] Fetched pending appointments count: 0
[03-Dec-2025 02:43:59 Europe/Berlin] Fetched pending complaints count: 1
[03-Dec-2025 02:43:59 Europe/Berlin] Fetched 0 recent announcements with barangay name.
[03-Dec-2025 02:43:59 Europe/Berlin] Response sent successfully.
[03-Dec-2025 02:44:29 Europe/Berlin] staff-dashboard-handler.php accessed.
[03-Dec-2025 02:44:29 Europe/Berlin] Attempting database connection to baranggay_population_management at localhost
[03-Dec-2025 02:44:29 Europe/Berlin] Database connection successful
[03-Dec-2025 02:44:29 Europe/Berlin] Attempting database connection to baranggay_population_management at localhost
[03-Dec-2025 02:44:29 Europe/Berlin] Database connection successful
[03-Dec-2025 02:44:29 Europe/Berlin] Fetching counts and announcements...
[03-Dec-2025 02:44:29 Europe/Berlin] Fetched pending requests count: 1
[03-Dec-2025 02:44:29 Europe/Berlin] Fetched pending appointments count: 0
[03-Dec-2025 02:44:29 Europe/Berlin] Fetched pending complaints count: 1
[03-Dec-2025 02:44:29 Europe/Berlin] Fetched 0 recent announcements with barangay name.
[03-Dec-2025 02:44:29 Europe/Berlin] Response sent successfully.
[03-Dec-2025 02:44:59 Europe/Berlin] staff-dashboard-handler.php accessed.
[03-Dec-2025 02:44:59 Europe/Berlin] Attempting database connection to baranggay_population_management at localhost
[03-Dec-2025 02:44:59 Europe/Berlin] Database connection successful
[03-Dec-2025 02:44:59 Europe/Berlin] Attempting database connection to baranggay_population_management at localhost
[03-Dec-2025 02:44:59 Europe/Berlin] Database connection successful
[03-Dec-2025 02:44:59 Europe/Berlin] Fetching counts and announcements...
[03-Dec-2025 02:44:59 Europe/Berlin] Fetched pending requests count: 1
[03-Dec-2025 02:44:59 Europe/Berlin] Fetched pending appointments count: 0
[03-Dec-2025 02:44:59 Europe/Berlin] Fetched pending complaints count: 1
[03-Dec-2025 02:44:59 Europe/Berlin] Fetched 0 recent announcements with barangay name.
[03-Dec-2025 02:44:59 Europe/Berlin] Response sent successfully.
[03-Dec-2025 02:45:02 Europe/Berlin] staff-dashboard-handler.php accessed.
[03-Dec-2025 02:45:02 Europe/Berlin] Attempting database connection to baranggay_population_management at localhost
[03-Dec-2025 02:45:02 Europe/Berlin] Database connection successful
[03-Dec-2025 02:45:02 Europe/Berlin] Attempting database connection to baranggay_population_management at localhost
[03-Dec-2025 02:45:02 Europe/Berlin] Database connection successful
[03-Dec-2025 02:45:02 Europe/Berlin] Fetching counts and announcements...
[03-Dec-2025 02:45:02 Europe/Berlin] Fetched pending requests count: 1
[03-Dec-2025 02:45:02 Europe/Berlin] Fetched pending appointments count: 0
[03-Dec-2025 02:45:02 Europe/Berlin] Fetched pending complaints count: 1
[03-Dec-2025 02:45:02 Europe/Berlin] Fetched 0 recent announcements with barangay name.
[03-Dec-2025 02:45:02 Europe/Berlin] Response sent successfully.
[03-Dec-2025 02:45:07 Europe/Berlin] staff-dashboard-handler.php accessed.
[03-Dec-2025 02:45:07 Europe/Berlin] Attempting database connection to baranggay_population_management at localhost
[03-Dec-2025 02:45:07 Europe/Berlin] Database connection successful
[03-Dec-2025 02:45:07 Europe/Berlin] Attempting database connection to baranggay_population_management at localhost
[03-Dec-2025 02:45:07 Europe/Berlin] Database connection successful
[03-Dec-2025 02:45:07 Europe/Berlin] Fetching counts and announcements...
[03-Dec-2025 02:45:07 Europe/Berlin] Fetched pending requests count: 1
[03-Dec-2025 02:45:07 Europe/Berlin] Fetched pending appointments count: 0
[03-Dec-2025 02:45:07 Europe/Berlin] Fetched pending complaints count: 1
[03-Dec-2025 02:45:07 Europe/Berlin] Fetched 0 recent announcements with barangay name.
[03-Dec-2025 02:45:07 Europe/Berlin] Response sent successfully.
[03-Dec-2025 02:45:36 Europe/Berlin] staff-dashboard-handler.php accessed.
[03-Dec-2025 02:45:36 Europe/Berlin] Attempting database connection to baranggay_population_management at localhost
[03-Dec-2025 02:45:36 Europe/Berlin] Database connection successful
[03-Dec-2025 02:45:36 Europe/Berlin] Attempting database connection to baranggay_population_management at localhost
[03-Dec-2025 02:45:36 Europe/Berlin] Database connection successful
[03-Dec-2025 02:45:36 Europe/Berlin] Fetching counts and announcements...
[03-Dec-2025 02:45:36 Europe/Berlin] Fetched pending requests count: 1
[03-Dec-2025 02:45:36 Europe/Berlin] Fetched pending appointments count: 0
[03-Dec-2025 02:45:36 Europe/Berlin] Fetched pending complaints count: 1
[03-Dec-2025 02:45:36 Europe/Berlin] Fetched 0 recent announcements with barangay name.
[03-Dec-2025 02:45:36 Europe/Berlin] Response sent successfully.
[03-Dec-2025 02:46:06 Europe/Berlin] staff-dashboard-handler.php accessed.
[03-Dec-2025 02:46:06 Europe/Berlin] Attempting database connection to baranggay_population_management at localhost
[03-Dec-2025 02:46:06 Europe/Berlin] Database connection successful
[03-Dec-2025 02:46:06 Europe/Berlin] Attempting database connection to baranggay_population_management at localhost
[03-Dec-2025 02:46:06 Europe/Berlin] Database connection successful
[03-Dec-2025 02:46:06 Europe/Berlin] Fetching counts and announcements...
[03-Dec-2025 02:46:06 Europe/Berlin] Fetched pending requests count: 1
[03-Dec-2025 02:46:06 Europe/Berlin] Fetched pending appointments count: 0
[03-Dec-2025 02:46:06 Europe/Berlin] Fetched pending complaints count: 1
[03-Dec-2025 02:46:06 Europe/Berlin] Fetched 0 recent announcements with barangay name.
[03-Dec-2025 02:46:06 Europe/Berlin] Response sent successfully.
[03-Dec-2025 02:46:36 Europe/Berlin] staff-dashboard-handler.php accessed.
[03-Dec-2025 02:46:36 Europe/Berlin] Attempting database connection to baranggay_population_management at localhost
[03-Dec-2025 02:46:36 Europe/Berlin] Database connection successful
[03-Dec-2025 02:46:36 Europe/Berlin] Attempting database connection to baranggay_population_management at localhost
[03-Dec-2025 02:46:36 Europe/Berlin] Database connection successful
[03-Dec-2025 02:46:36 Europe/Berlin] Fetching counts and announcements...
[03-Dec-2025 02:46:36 Europe/Berlin] Fetched pending requests count: 1
[03-Dec-2025 02:46:36 Europe/Berlin] Fetched pending appointments count: 0
[03-Dec-2025 02:46:36 Europe/Berlin] Fetched pending complaints count: 1
[03-Dec-2025 02:46:36 Europe/Berlin] Fetched 0 recent announcements with barangay name.
[03-Dec-2025 02:46:36 Europe/Berlin] Response sent successfully.
[03-Dec-2025 02:50:01 Europe/Berlin] staff-dashboard-handler.php accessed.
[03-Dec-2025 02:50:01 Europe/Berlin] Attempting database connection to baranggay_population_management at localhost
[03-Dec-2025 02:50:01 Europe/Berlin] Database connection successful
[03-Dec-2025 02:50:01 Europe/Berlin] Attempting database connection to baranggay_population_management at localhost
[03-Dec-2025 02:50:01 Europe/Berlin] Database connection successful
[03-Dec-2025 02:50:01 Europe/Berlin] Fetching counts and announcements...
[03-Dec-2025 02:50:01 Europe/Berlin] Fetched pending requests count: 1
[03-Dec-2025 02:50:01 Europe/Berlin] Fetched pending appointments count: 1
[03-Dec-2025 02:50:01 Europe/Berlin] Fetched pending complaints count: 1
[03-Dec-2025 02:50:01 Europe/Berlin] Fetched 0 recent announcements with barangay name.
[03-Dec-2025 02:50:01 Europe/Berlin] Response sent successfully.
[03-Dec-2025 02:50:02 Europe/Berlin] staff-dashboard-handler.php accessed.
[03-Dec-2025 02:50:02 Europe/Berlin] Attempting database connection to baranggay_population_management at localhost
[03-Dec-2025 02:50:02 Europe/Berlin] Database connection successful
[03-Dec-2025 02:50:02 Europe/Berlin] Attempting database connection to baranggay_population_management at localhost
[03-Dec-2025 02:50:02 Europe/Berlin] Database connection successful
[03-Dec-2025 02:50:02 Europe/Berlin] Fetching counts and announcements...
[03-Dec-2025 02:50:02 Europe/Berlin] Fetched pending requests count: 1
[03-Dec-2025 02:50:02 Europe/Berlin] Fetched pending appointments count: 1
[03-Dec-2025 02:50:02 Europe/Berlin] Fetched pending complaints count: 1
[03-Dec-2025 02:50:02 Europe/Berlin] Fetched 0 recent announcements with barangay name.
[03-Dec-2025 02:50:02 Europe/Berlin] Response sent successfully.
[03-Dec-2025 02:50:19 Europe/Berlin] staff-dashboard-handler.php accessed.
[03-Dec-2025 02:50:19 Europe/Berlin] Attempting database connection to baranggay_population_management at localhost
[03-Dec-2025 02:50:19 Europe/Berlin] Database connection successful
[03-Dec-2025 02:50:19 Europe/Berlin] Attempting database connection to baranggay_population_management at localhost
[03-Dec-2025 02:50:19 Europe/Berlin] Database connection successful
[03-Dec-2025 02:50:19 Europe/Berlin] Fetching counts and announcements...
[03-Dec-2025 02:50:19 Europe/Berlin] Fetched pending requests count: 1
[03-Dec-2025 02:50:19 Europe/Berlin] Fetched pending appointments count: 0
[03-Dec-2025 02:50:19 Europe/Berlin] Fetched pending complaints count: 1
[03-Dec-2025 02:50:19 Europe/Berlin] Fetched 0 recent announcements with barangay name.
[03-Dec-2025 02:50:19 Europe/Berlin] Response sent successfully.
[03-Dec-2025 02:50:41 Europe/Berlin] staff-dashboard-handler.php accessed.
[03-Dec-2025 02:50:41 Europe/Berlin] Attempting database connection to baranggay_population_management at localhost
[03-Dec-2025 02:50:41 Europe/Berlin] Database connection successful
[03-Dec-2025 02:50:41 Europe/Berlin] Attempting database connection to baranggay_population_management at localhost
[03-Dec-2025 02:50:41 Europe/Berlin] Database connection successful
[03-Dec-2025 02:50:41 Europe/Berlin] Fetching counts and announcements...
[03-Dec-2025 02:50:41 Europe/Berlin] Fetched pending requests count: 1
[03-Dec-2025 02:50:41 Europe/Berlin] Fetched pending appointments count: 0
[03-Dec-2025 02:50:41 Europe/Berlin] Fetched pending complaints count: 1
[03-Dec-2025 02:50:41 Europe/Berlin] Fetched 0 recent announcements with barangay name.
[03-Dec-2025 02:50:41 Europe/Berlin] Response sent successfully.
[03-Dec-2025 02:50:49 Europe/Berlin] staff-dashboard-handler.php accessed.
[03-Dec-2025 02:50:49 Europe/Berlin] Attempting database connection to baranggay_population_management at localhost
[03-Dec-2025 02:50:49 Europe/Berlin] Database connection successful
[03-Dec-2025 02:50:49 Europe/Berlin] Attempting database connection to baranggay_population_management at localhost
[03-Dec-2025 02:50:49 Europe/Berlin] Database connection successful
[03-Dec-2025 02:50:49 Europe/Berlin] Fetching counts and announcements...
[03-Dec-2025 02:50:49 Europe/Berlin] Fetched pending requests count: 0
[03-Dec-2025 02:50:49 Europe/Berlin] Fetched pending appointments count: 0
[03-Dec-2025 02:50:49 Europe/Berlin] Fetched pending complaints count: 1
[03-Dec-2025 02:50:49 Europe/Berlin] Fetched 0 recent announcements with barangay name.
[03-Dec-2025 02:50:49 Europe/Berlin] Response sent successfully.
[03-Dec-2025 02:50:51 Europe/Berlin] staff-dashboard-handler.php accessed.
[03-Dec-2025 02:50:51 Europe/Berlin] Attempting database connection to baranggay_population_management at localhost
[03-Dec-2025 02:50:51 Europe/Berlin] Database connection successful
[03-Dec-2025 02:50:51 Europe/Berlin] Attempting database connection to baranggay_population_management at localhost
[03-Dec-2025 02:50:51 Europe/Berlin] Database connection successful
[03-Dec-2025 02:50:51 Europe/Berlin] Fetching counts and announcements...
[03-Dec-2025 02:50:51 Europe/Berlin] Fetched pending requests count: 0
[03-Dec-2025 02:50:51 Europe/Berlin] Fetched pending appointments count: 0
[03-Dec-2025 02:50:51 Europe/Berlin] Fetched pending complaints count: 1
[03-Dec-2025 02:50:51 Europe/Berlin] Fetched 0 recent announcements with barangay name.
[03-Dec-2025 02:50:51 Europe/Berlin] Response sent successfully.
[03-Dec-2025 02:51:28 Europe/Berlin] staff-dashboard-handler.php accessed.
[03-Dec-2025 02:51:28 Europe/Berlin] Attempting database connection to baranggay_population_management at localhost
[03-Dec-2025 02:51:28 Europe/Berlin] Database connection successful
[03-Dec-2025 02:51:28 Europe/Berlin] Attempting database connection to baranggay_population_management at localhost
[03-Dec-2025 02:51:28 Europe/Berlin] Database connection successful
[03-Dec-2025 02:51:28 Europe/Berlin] Fetching counts and announcements...
[03-Dec-2025 02:51:28 Europe/Berlin] Fetched pending requests count: 0
[03-Dec-2025 02:51:28 Europe/Berlin] Fetched pending appointments count: 0
[03-Dec-2025 02:51:28 Europe/Berlin] Fetched pending complaints count: 0
[03-Dec-2025 02:51:28 Europe/Berlin] Fetched 0 recent announcements with barangay name.
[03-Dec-2025 02:51:28 Europe/Berlin] Response sent successfully.
[03-Dec-2025 02:53:43 Europe/Berlin] staff-dashboard-handler.php accessed.
[03-Dec-2025 02:53:43 Europe/Berlin] Attempting database connection to baranggay_population_management at localhost
[03-Dec-2025 02:53:43 Europe/Berlin] Database connection successful
[03-Dec-2025 02:53:43 Europe/Berlin] Attempting database connection to baranggay_population_management at localhost
[03-Dec-2025 02:53:43 Europe/Berlin] Database connection successful
[03-Dec-2025 02:53:43 Europe/Berlin] Fetching counts and announcements...
[03-Dec-2025 02:53:43 Europe/Berlin] Fetched pending requests count: 0
[03-Dec-2025 02:53:43 Europe/Berlin] Fetched pending appointments count: 0
[03-Dec-2025 02:53:43 Europe/Berlin] Fetched pending complaints count: 0
[03-Dec-2025 02:53:43 Europe/Berlin] Fetched 0 recent announcements with barangay name.
[03-Dec-2025 02:53:43 Europe/Berlin] Response sent successfully.
